<?xml version="1.0" encoding="UTF-8" ?>
<testsuite tests="16" failures="0" name="Step_definition.RunCukesTest" time="6.587" errors="0" skipped="0">
  <properties>
    <property name="idea.version" value="2022.3.3"/>
    <property name="java.runtime.name" value="Java(TM) SE Runtime Environment"/>
    <property name="sun.boot.library.path" value="C:\Program Files\Java\jdk1.8.0_361\jre\bin"/>
    <property name="java.vm.version" value="25.361-b09"/>
    <property name="java.vm.vendor" value="Oracle Corporation"/>
    <property name="maven.multiModuleProjectDirectory" value="C:\Users\TOSHIBA\SauceDemoBDD"/>
    <property name="java.vendor.url" value="http://java.oracle.com/"/>
    <property name="path.separator" value=";"/>
    <property name="guice.disable.misplaced.annotation.check" value="true"/>
    <property name="java.vm.name" value="Java HotSpot(TM) 64-Bit Server VM"/>
    <property name="file.encoding.pkg" value="sun.io"/>
    <property name="user.script" value=""/>
    <property name="user.country" value="ID"/>
    <property name="sun.java.launcher" value="SUN_STANDARD"/>
    <property name="sun.os.patch.level" value=""/>
    <property name="java.vm.specification.name" value="Java Virtual Machine Specification"/>
    <property name="user.dir" value="C:\Users\TOSHIBA\SauceDemoBDD"/>
    <property name="java.runtime.version" value="1.8.0_361-b09"/>
    <property name="java.awt.graphicsenv" value="sun.awt.Win32GraphicsEnvironment"/>
    <property name="java.endorsed.dirs" value="C:\Program Files\Java\jdk1.8.0_361\jre\lib\endorsed"/>
    <property name="os.arch" value="amd64"/>
    <property name="java.io.tmpdir" value="C:\Users\TOSHIBA\AppData\Local\Temp\"/>
    <property name="line.separator" value="
"/>
    <property name="java.vm.specification.vendor" value="Oracle Corporation"/>
    <property name="user.variant" value=""/>
    <property name="os.name" value="Windows 10"/>
    <property name="maven.ext.class.path" value="C:\Program Files\JetBrains\IntelliJ IDEA Community Edition 2022.3.3\plugins\maven\lib\maven-event-listener.jar"/>
    <property name="classworlds.conf" value="C:\Program Files\JetBrains\IntelliJ IDEA Community Edition 2022.3.3\plugins\maven\lib\maven3\bin\m2.conf"/>
    <property name="sun.jnu.encoding" value="Cp1252"/>
    <property name="java.library.path" value="C:\Program Files\Java\jdk1.8.0_361\bin;C:\Windows\Sun\Java\bin;C:\Windows\system32;C:\Windows;C:\Windows\system32;C:\Windows;C:\Windows\System32\Wbem;C:\Windows\System32\WindowsPowerShell\v1.0\;C:\Windows\System32\OpenSSH\;C:\Program Files\IBM\SPSS\Statistics\25\JRE\bin;C:\Program Files (x86)\Microsoft VS Code\bin;C:\Program Files\Git\cmd;C:\Users\TOSHIBA\AppData\Local\Microsoft\WindowsApps;C:\Program Files\Java\jdk1.8.0_361\bin;;C:\Program Files\JetBrains\IntelliJ IDEA Community Edition 2022.3.3\bin;;."/>
    <property name="jansi.passthrough" value="true"/>
    <property name="maven.conf" value="C:\Program Files\JetBrains\IntelliJ IDEA Community Edition 2022.3.3\plugins\maven\lib\maven3/conf"/>
    <property name="java.specification.name" value="Java Platform API Specification"/>
    <property name="java.class.version" value="52.0"/>
    <property name="sun.management.compiler" value="HotSpot 64-Bit Tiered Compilers"/>
    <property name="os.version" value="10.0"/>
    <property name="user.home" value="C:\Users\TOSHIBA"/>
    <property name="user.timezone" value="Asia/Bangkok"/>
    <property name="java.awt.printerjob" value="sun.awt.windows.WPrinterJob"/>
    <property name="java.specification.version" value="1.8"/>
    <property name="file.encoding" value="UTF-8"/>
    <property name="user.name" value="TOSHIBA"/>
    <property name="java.class.path" value="C:\Program Files\JetBrains\IntelliJ IDEA Community Edition 2022.3.3\plugins\maven\lib\maven3\boot\plexus-classworlds-2.6.0.jar;C:\Program Files\JetBrains\IntelliJ IDEA Community Edition 2022.3.3\plugins\maven\lib\maven3\boot\plexus-classworlds.license;C:\Program Files\JetBrains\IntelliJ IDEA Community Edition 2022.3.3\lib\idea_rt.jar"/>
    <property name="java.vm.specification.version" value="1.8"/>
    <property name="sun.arch.data.model" value="64"/>
    <property name="java.home" value="C:\Program Files\Java\jdk1.8.0_361\jre"/>
    <property name="sun.java.command" value="org.codehaus.classworlds.Launcher -Didea.version=2022.3.3 test"/>
    <property name="java.specification.vendor" value="Oracle Corporation"/>
    <property name="user.language" value="en"/>
    <property name="awt.toolkit" value="sun.awt.windows.WToolkit"/>
    <property name="java.vm.info" value="mixed mode"/>
    <property name="java.version" value="1.8.0_361"/>
    <property name="java.ext.dirs" value="C:\Program Files\Java\jdk1.8.0_361\jre\lib\ext;C:\Windows\Sun\Java\lib\ext"/>
    <property name="sun.boot.class.path" value="C:\Program Files\Java\jdk1.8.0_361\jre\lib\resources.jar;C:\Program Files\Java\jdk1.8.0_361\jre\lib\rt.jar;C:\Program Files\Java\jdk1.8.0_361\jre\lib\jsse.jar;C:\Program Files\Java\jdk1.8.0_361\jre\lib\jce.jar;C:\Program Files\Java\jdk1.8.0_361\jre\lib\charsets.jar;C:\Program Files\Java\jdk1.8.0_361\jre\lib\jfr.jar;C:\Program Files\Java\jdk1.8.0_361\jre\classes"/>
    <property name="java.vendor" value="Oracle Corporation"/>
    <property name="java.specification.maintenance.version" value="4"/>
    <property name="maven.home" value="C:\Program Files\JetBrains\IntelliJ IDEA Community Edition 2022.3.3\plugins\maven\lib\maven3"/>
    <property name="file.separator" value="\"/>
    <property name="java.vendor.url.bug" value="http://bugreport.sun.com/bugreport/"/>
    <property name="sun.cpu.endian" value="little"/>
    <property name="sun.io.unicode.encoding" value="UnicodeLittle"/>
    <property name="sun.desktop" value="windows"/>
    <property name="sun.cpu.isalist" value="amd64"/>
  </properties>
  <testcase classname="Scenario: Normal login" name="Given User already on website sauce demo" time="0.005"/>
  <testcase classname="Scenario: Normal login" name="When User input &quot;standard_user&quot; as userName and input &quot;secret_sauce&quot; as password" time="0"/>
  <testcase classname="Scenario: Normal login" name="Then User already on sales page" time="0"/>
  <testcase classname="Scenario: Normal login" name="Scenario: Normal login" time="4.799"/>
  <testcase classname="Scenario: Normal Sales" name="Given I succes login with username &quot;standard_user&quot; and  &quot;secret_sauce&quot; password and add cart" time="0.001"/>
  <testcase classname="Scenario: Normal Sales" name="When User already on sales page" time="0"/>
  <testcase classname="Scenario: Normal Sales" name="Then User sort product list by name Z to A" time="0"/>
  <testcase classname="Scenario: Normal Sales" name="And Add Sauce Lab Onesie" time="0"/>
  <testcase classname="Scenario: Normal Sales" name="And Add Test.allTheThings T-Shirt Red" time="0"/>
  <testcase classname="Scenario: Normal Sales" name="When User click cart icon" time="0"/>
  <testcase classname="Scenario: Normal Sales" name="Then User remove Test.allTheThings T-Shirt Red" time="0"/>
  <testcase classname="Scenario: Normal Sales" name="Then User checkOut" time="0"/>
  <testcase classname="Scenario: Normal Sales" name="When User input &quot;Derin&quot; as first name and input &quot;Malsa&quot; as last name and &quot;123456&quot; as postal code" time="0"/>
  <testcase classname="Scenario: Normal Sales" name="Then User click Finish" time="0"/>
  <testcase classname="Scenario: Normal Sales" name="And User verify checkout order" time="0"/>
  <testcase classname="Scenario: Normal Sales" name="Scenario: Normal Sales" time="1.782"/>
</testsuite>